0 info it worked if it ends with ok
1 verbose cli [ 'D:\\Program Files\\nodejs\\node.exe',
1 verbose cli   'D:\\Program Files\\nodejs\\node_modules\\npm\\bin\\npm-cli.js',
1 verbose cli   'install',
1 verbose cli   'hexo-deployer',
1 verbose cli   '-git',
1 verbose cli   '--save' ]
2 info using npm@2.15.1
3 info using node@v4.4.3
4 verbose install initial load of E:\blog\package.json
5 verbose installManyTop reading scoped package data from E:\blog\node_modules\hexo\package.json
6 verbose installManyTop reading scoped package data from E:\blog\node_modules\hexo-generator-archive\package.json
7 verbose installManyTop reading scoped package data from E:\blog\node_modules\hexo-generator-category\package.json
8 verbose installManyTop reading scoped package data from E:\blog\node_modules\hexo-generator-index\package.json
9 verbose installManyTop reading scoped package data from E:\blog\node_modules\hexo-generator-tag\package.json
10 verbose installManyTop reading scoped package data from E:\blog\node_modules\hexo-renderer-ejs\package.json
11 verbose installManyTop reading scoped package data from E:\blog\node_modules\hexo-renderer-marked\package.json
12 verbose installManyTop reading scoped package data from E:\blog\node_modules\hexo-renderer-stylus\package.json
13 verbose installManyTop reading scoped package data from E:\blog\node_modules\hexo-server\package.json
14 verbose readDependencies loading dependencies from E:\blog\package.json
15 silly cache add args [ 'hexo-deployer', null ]
16 verbose cache add spec hexo-deployer
17 silly cache add parsed spec Result {
17 silly cache add   raw: 'hexo-deployer',
17 silly cache add   scope: null,
17 silly cache add   name: 'hexo-deployer',
17 silly cache add   rawSpec: '',
17 silly cache add   spec: 'latest',
17 silly cache add   type: 'tag' }
18 silly addNamed hexo-deployer@latest
19 verbose addNamed "latest" is being treated as a dist-tag for hexo-deployer
20 info addNameTag [ 'hexo-deployer', 'latest' ]
21 silly mapToRegistry name hexo-deployer
22 silly mapToRegistry using default registry
23 silly mapToRegistry registry https://registry.npmjs.org/
24 silly mapToRegistry data Result {
24 silly mapToRegistry   raw: 'hexo-deployer',
24 silly mapToRegistry   scope: null,
24 silly mapToRegistry   name: 'hexo-deployer',
24 silly mapToRegistry   rawSpec: '',
24 silly mapToRegistry   spec: 'latest',
24 silly mapToRegistry   type: 'tag' }
25 silly mapToRegistry uri https://registry.npmjs.org/hexo-deployer
26 verbose addNameTag registry:https://registry.npmjs.org/hexo-deployer not in flight; fetching
27 verbose request uri https://registry.npmjs.org/hexo-deployer
28 verbose request no auth needed
29 info attempt registry request try #1 at 15:33:47
30 verbose request id fa1dc8bab548c33d
31 http request GET https://registry.npmjs.org/hexo-deployer
32 http 404 https://registry.npmjs.org/hexo-deployer
33 verbose headers { 'content-type': 'application/json',
33 verbose headers   'cache-control': 'max-age=0',
33 verbose headers   'content-length': '2',
33 verbose headers   'accept-ranges': 'bytes',
33 verbose headers   date: 'Tue, 03 May 2016 07:33:45 GMT',
33 verbose headers   via: '1.1 varnish',
33 verbose headers   age: '0',
33 verbose headers   connection: 'keep-alive',
33 verbose headers   'x-served-by': 'cache-hkg6824-HKG',
33 verbose headers   'x-cache': 'MISS',
33 verbose headers   'x-cache-hits': '0',
33 verbose headers   'x-timer': 'S1462260824.867794,VS0,VE964',
33 verbose headers   vary: 'Accept-Encoding' }
34 silly get cb [ 404,
34 silly get   { 'content-type': 'application/json',
34 silly get     'cache-control': 'max-age=0',
34 silly get     'content-length': '2',
34 silly get     'accept-ranges': 'bytes',
34 silly get     date: 'Tue, 03 May 2016 07:33:45 GMT',
34 silly get     via: '1.1 varnish',
34 silly get     age: '0',
34 silly get     connection: 'keep-alive',
34 silly get     'x-served-by': 'cache-hkg6824-HKG',
34 silly get     'x-cache': 'MISS',
34 silly get     'x-cache-hits': '0',
34 silly get     'x-timer': 'S1462260824.867794,VS0,VE964',
34 silly get     vary: 'Accept-Encoding' } ]
35 verbose stack Error: Registry returned 404 for GET on https://registry.npmjs.org/hexo-deployer
35 verbose stack     at makeError (D:\Program Files\nodejs\node_modules\npm\node_modules\npm-registry-client\lib\request.js:264:12)
35 verbose stack     at CachingRegistryClient.<anonymous> (D:\Program Files\nodejs\node_modules\npm\node_modules\npm-registry-client\lib\request.js:242:14)
35 verbose stack     at Request._callback (D:\Program Files\nodejs\node_modules\npm\node_modules\npm-registry-client\lib\request.js:172:14)
35 verbose stack     at Request.self.callback (D:\Program Files\nodejs\node_modules\npm\node_modules\request\request.js:199:22)
35 verbose stack     at emitTwo (events.js:87:13)
35 verbose stack     at Request.emit (events.js:172:7)
35 verbose stack     at Request.<anonymous> (D:\Program Files\nodejs\node_modules\npm\node_modules\request\request.js:1036:10)
35 verbose stack     at emitOne (events.js:82:20)
35 verbose stack     at Request.emit (events.js:169:7)
35 verbose stack     at IncomingMessage.<anonymous> (D:\Program Files\nodejs\node_modules\npm\node_modules\request\request.js:963:12)
36 verbose statusCode 404
37 verbose pkgid hexo-deployer
38 verbose cwd E:\blog\public
39 error Windows_NT 6.1.7601
40 error argv "D:\\Program Files\\nodejs\\node.exe" "D:\\Program Files\\nodejs\\node_modules\\npm\\bin\\npm-cli.js" "install" "hexo-deployer" "-git" "--save"
41 error node v4.4.3
42 error npm  v2.15.1
43 error code E404
44 error 404 Registry returned 404 for GET on https://registry.npmjs.org/hexo-deployer
44 error 404
44 error 404 'hexo-deployer' is not in the npm registry.
44 error 404 You should bug the author to publish it (or use the name yourself!)
44 error 404 It was specified as a dependency of 'hexo-site'
44 error 404
44 error 404 Note that you can also install from a
44 error 404 tarball, folder, http url, or git url.
45 verbose exit [ 1, true ]
